Using pre-set license
Built from '2020.3/staging' branch; Version is '2020.3.8f1 (507919d4fff5) revision 5273881'; Using compiler version '192528614'; Build Type 'Release'
OS: 'Windows 10 Pro; OS build 19042.985; Version 2009; 64bit' Language: 'en' Physical Memory: 16334 MB
BatchMode: 1, IsHumanControllingUs: 0, StartBugReporterOnCrash: 0, Is64bit: 1, IsPro: 0

 COMMAND LINE ARGUMENTS:
C:\Program Files\Unity\Hub\Editor\2020.3.8f1\Editor\Unity.exe
-adb2
-batchMode
-noUpm
-name
AssetImportWorker0
-projectPath
G:/UnityGames/Morse-code-to-rotation-via-Arduinno
-logFile
Logs/AssetImportWorker0.log
-srvPort
57667
Successfully changed project path to: G:/UnityGames/Morse-code-to-rotation-via-Arduinno
G:/UnityGames/Morse-code-to-rotation-via-Arduinno
Using Asset Import Pipeline V2.
Refreshing native plugins compatible for Editor in 26.33 ms, found 0 plugins.
Preloading 0 native plugins for Editor in 0.00 ms.
Initialize engine version: 2020.3.8f1 (507919d4fff5)
[Subsystems] Discovering subsystems at path C:/Program Files/Unity/Hub/Editor/2020.3.8f1/Editor/Data/Resources/UnitySubsystems
[Subsystems] Discovering subsystems at path G:/UnityGames/Morse-code-to-rotation-via-Arduinno/Assets
GfxDevice: creating device client; threaded=0
Direct3D:
    Version:  Direct3D 11.0 [level 11.1]
    Renderer: NVIDIA GeForce GTX 1070 (ID=0x1b81)
    Vendor:   
    VRAM:     8088 MB
    Driver:   27.21.14.6627
Initialize mono
Mono path[0] = 'C:/Program Files/Unity/Hub/Editor/2020.3.8f1/Editor/Data/Managed'
Mono path[1] = 'C:/Program Files/Unity/Hub/Editor/2020.3.8f1/Editor/Data/MonoBleedingEdge/lib/mono/unityjit'
Mono config path = 'C:/Program Files/Unity/Hub/Editor/2020.3.8f1/Editor/Data/MonoBleedingEdge/etc'
Using monoOptions --debugger-agent=transport=dt_socket,embedding=1,server=y,suspend=n,address=127.0.0.1:56436
Begin MonoManager ReloadAssembly
Registering precompiled unity dll's ...
Register platform support module: C:/Program Files/Unity/Hub/Editor/2020.3.8f1/Editor/Data/PlaybackEngines/WindowsStandaloneSupport/UnityEditor.WindowsStandalone.Extensions.dll
Registered in 0.002341 seconds.
Native extension for WindowsStandalone target not found
Refreshing native plugins compatible for Editor in 27.95 ms, found 0 plugins.
Preloading 0 native plugins for Editor in 0.00 ms.
Mono: successfully reloaded assembly
- Completed reload, in  1.332 seconds
Platform modules already initialized, skipping
Registering precompiled user dll's ...
Registered in 0.000763 seconds.
Begin MonoManager ReloadAssembly
Native extension for WindowsStandalone target not found
Refreshing native plugins compatible for Editor in 0.26 ms, found 0 plugins.
Preloading 0 native plugins for Editor in 0.00 ms.
Mono: successfully reloaded assembly
- Completed reload, in  1.031 seconds
Platform modules already initialized, skipping
========================================================================
Worker process is ready to serve import requests
Launched and connected shader compiler UnityShaderCompiler.exe after 0.06 seconds
Refreshing native plugins compatible for Editor in 0.20 ms, found 0 plugins.
Preloading 0 native plugins for Editor in 0.00 ms.
Unloading 1116 Unused Serialized files (Serialized files now loaded: 0)
System memory in use before: 57.1 MB.
System memory in use after: 57.2 MB.

Unloading 10 unused Assets to reduce memory usage. Loaded Objects now: 1558.
Total: 2.272500 ms (FindLiveObjects: 0.144400 ms CreateObjectMapping: 0.031900 ms MarkObjects: 1.988700 ms  DeleteObjects: 0.106000 ms)

========================================================================
Received Import Request.
  path: Assets/Models
  artifactKey: Guid(3975f374ad6c4184aa86c803d3b39543) Importer(815301076,1909f56bfc062723c751e8b465ee728b)
Start importing Assets/Models using Guid(3975f374ad6c4184aa86c803d3b39543) Importer(815301076,1909f56bfc062723c751e8b465ee728b)  -> (artifact id: '1b011e80e22a5ba3e4e0f6c952833464') in 0.009766 seconds
  Import took 0.011803 seconds .

========================================================================
Received Import Request.
  Time since last request: 0.000289 seconds.
  path: Assets/Models/alpabet-02.obj
  artifactKey: Guid(3d7b362aaf244f641a154c62dbfe7ae5) Importer(815301076,1909f56bfc062723c751e8b465ee728b)
Start importing Assets/Models/alpabet-02.obj using Guid(3d7b362aaf244f641a154c62dbfe7ae5) Importer(815301076,1909f56bfc062723c751e8b465ee728b)  -> (artifact id: 'c25061f58f53747fab30ff3d310bae48') in 0.463646 seconds
  Import took 0.465520 seconds .

========================================================================
Received Import Request.
  Time since last request: 1100.582814 seconds.
  path: Assets/Models/Hexa.blend
  artifactKey: Guid(88e8762f86fac5a499621ff43c86052f) Importer(815301076,1909f56bfc062723c751e8b465ee728b)
Start importing Assets/Models/Hexa.blend using Guid(88e8762f86fac5a499621ff43c86052f) Importer(815301076,1909f56bfc062723c751e8b465ee728b)  -> (artifact id: 'e5a87c5814d5443b5d12fbb57fd65d79') in 0.150488 seconds
  Import took 0.153471 seconds .

========================================================================
Received Import Request.
  Time since last request: 28.997157 seconds.
  path: Assets/Models/Hexa.blend
  artifactKey: Guid(88e8762f86fac5a499621ff43c86052f) Importer(815301076,1909f56bfc062723c751e8b465ee728b)
Start importing Assets/Models/Hexa.blend using Guid(88e8762f86fac5a499621ff43c86052f) Importer(815301076,1909f56bfc062723c751e8b465ee728b)  -> (artifact id: '9dac11f9176b6199716d8da91cdebceb') in 0.140056 seconds
  Import took 0.143018 seconds .

========================================================================
Received Import Request.
  Time since last request: 182.555325 seconds.
  path: Assets/Models/Hexa.blend1
  artifactKey: Guid(cac3512611e809642af078cccb428ff0) Importer(815301076,1909f56bfc062723c751e8b465ee728b)
Start importing Assets/Models/Hexa.blend1 using Guid(cac3512611e809642af078cccb428ff0) Importer(815301076,1909f56bfc062723c751e8b465ee728b)  -> (artifact id: '21e4d2a7c30b1dbd75cbd2d2959fe26f') in 0.006915 seconds
  Import took 0.010423 seconds .

========================================================================
Received Import Request.
  Time since last request: 7.453021 seconds.
  path: Assets/Models/Black.mat
  artifactKey: Guid(2c7170ec7327f9240ac8e0c20ec602be) Importer(815301076,1909f56bfc062723c751e8b465ee728b)
Start importing Assets/Models/Black.mat using Guid(2c7170ec7327f9240ac8e0c20ec602be) Importer(815301076,1909f56bfc062723c751e8b465ee728b)  -> (artifact id: 'c7090e04f4a216097bf0bac89150f02f') in 0.022518 seconds
  Import took 0.025042 seconds .

========================================================================
Received Import Request.
  Time since last request: 19.866192 seconds.
  path: Assets/Models/Black.mat
  artifactKey: Guid(2c7170ec7327f9240ac8e0c20ec602be) Importer(815301076,1909f56bfc062723c751e8b465ee728b)
Start importing Assets/Models/Black.mat using Guid(2c7170ec7327f9240ac8e0c20ec602be) Importer(815301076,1909f56bfc062723c751e8b465ee728b)  -> (artifact id: 'f26f7bad679dd9ed1c6f0cc123a6241a') in 0.017199 seconds
  Import took 0.019553 seconds .

========================================================================
Received Import Request.
  Time since last request: 2.409105 seconds.
  path: Assets/Models/White.mat
  artifactKey: Guid(4d2464191d6956049b1e08610c8403e8) Importer(815301076,1909f56bfc062723c751e8b465ee728b)
Start importing Assets/Models/White.mat using Guid(4d2464191d6956049b1e08610c8403e8) Importer(815301076,1909f56bfc062723c751e8b465ee728b)  -> (artifact id: '51a374af81613f69f8c58718b7e7689f') in 0.015138 seconds
  Import took 0.017910 seconds .

========================================================================
Received Import Request.
  Time since last request: 38.304246 seconds.
  path: Assets/Models/Grey.mat
  artifactKey: Guid(2c7170ec7327f9240ac8e0c20ec602be) Importer(815301076,1909f56bfc062723c751e8b465ee728b)
Start importing Assets/Models/Grey.mat using Guid(2c7170ec7327f9240ac8e0c20ec602be) Importer(815301076,1909f56bfc062723c751e8b465ee728b)  -> (artifact id: '41b56b6efa806e9756e800fb815fb744') in 0.014397 seconds
  Import took 0.016999 seconds .

========================================================================
Received Import Request.
  Time since last request: 449.099563 seconds.
  path: Assets/Models/Grey.mat
  artifactKey: Guid(2c7170ec7327f9240ac8e0c20ec602be) Importer(815301076,1909f56bfc062723c751e8b465ee728b)
Start importing Assets/Models/Grey.mat using Guid(2c7170ec7327f9240ac8e0c20ec602be) Importer(815301076,1909f56bfc062723c751e8b465ee728b)  -> (artifact id: 'd7fdacec50052e24018382ee7e603963') in 0.016254 seconds
  Import took 0.018941 seconds .

========================================================================
Received Import Request.
  Time since last request: 0.000253 seconds.
  path: Assets/Models/White.mat
  artifactKey: Guid(4d2464191d6956049b1e08610c8403e8) Importer(815301076,1909f56bfc062723c751e8b465ee728b)
Start importing Assets/Models/White.mat using Guid(4d2464191d6956049b1e08610c8403e8) Importer(815301076,1909f56bfc062723c751e8b465ee728b)  -> (artifact id: '43d4376beaed3f65950ffdcf96369fef') in 0.007257 seconds
  Import took 0.009163 seconds .

AssetImportWorkerClient::OnTransportError - code=2 error=End of file
