Using pre-set license
Built from '2020.3/staging' branch; Version is '2020.3.8f1 (507919d4fff5) revision 5273881'; Using compiler version '192528614'; Build Type 'Release'
OS: 'Windows 10 Pro; OS build 19042.1052; Version 2009; 64bit' Language: 'en' Physical Memory: 16334 MB
BatchMode: 1, IsHumanControllingUs: 0, StartBugReporterOnCrash: 0, Is64bit: 1, IsPro: 0

 COMMAND LINE ARGUMENTS:
C:\Program Files\Unity\Hub\Editor\2020.3.8f1\Editor\Unity.exe
-adb2
-batchMode
-noUpm
-name
AssetImportWorker0
-projectPath
G:/UnityGames/Morse-code-to-rotation-via-Arduinno
-logFile
Logs/AssetImportWorker0.log
-srvPort
61346
Successfully changed project path to: G:/UnityGames/Morse-code-to-rotation-via-Arduinno
G:/UnityGames/Morse-code-to-rotation-via-Arduinno
Using Asset Import Pipeline V2.
Refreshing native plugins compatible for Editor in 28.09 ms, found 0 plugins.
Preloading 0 native plugins for Editor in 0.00 ms.
Initialize engine version: 2020.3.8f1 (507919d4fff5)
[Subsystems] Discovering subsystems at path C:/Program Files/Unity/Hub/Editor/2020.3.8f1/Editor/Data/Resources/UnitySubsystems
[Subsystems] Discovering subsystems at path G:/UnityGames/Morse-code-to-rotation-via-Arduinno/Assets
GfxDevice: creating device client; threaded=0
Direct3D:
    Version:  Direct3D 11.0 [level 11.1]
    Renderer: NVIDIA GeForce GTX 1070 (ID=0x1b81)
    Vendor:   
    VRAM:     8088 MB
    Driver:   27.21.14.6627
Initialize mono
Mono path[0] = 'C:/Program Files/Unity/Hub/Editor/2020.3.8f1/Editor/Data/Managed'
Mono path[1] = 'C:/Program Files/Unity/Hub/Editor/2020.3.8f1/Editor/Data/MonoBleedingEdge/lib/mono/unityjit'
Mono config path = 'C:/Program Files/Unity/Hub/Editor/2020.3.8f1/Editor/Data/MonoBleedingEdge/etc'
Using monoOptions --debugger-agent=transport=dt_socket,embedding=1,server=y,suspend=n,address=127.0.0.1:56924
Begin MonoManager ReloadAssembly
Registering precompiled unity dll's ...
Register platform support module: C:/Program Files/Unity/Hub/Editor/2020.3.8f1/Editor/Data/PlaybackEngines/WindowsStandaloneSupport/UnityEditor.WindowsStandalone.Extensions.dll
Registered in 0.002404 seconds.
Native extension for WindowsStandalone target not found
Refreshing native plugins compatible for Editor in 29.22 ms, found 0 plugins.
Preloading 0 native plugins for Editor in 0.00 ms.
Mono: successfully reloaded assembly
- Completed reload, in  1.281 seconds
Platform modules already initialized, skipping
Registering precompiled user dll's ...
Registered in 0.000814 seconds.
Begin MonoManager ReloadAssembly
Native extension for WindowsStandalone target not found
Refreshing native plugins compatible for Editor in 0.24 ms, found 0 plugins.
Preloading 0 native plugins for Editor in 0.00 ms.
Mono: successfully reloaded assembly
- Completed reload, in  0.970 seconds
Platform modules already initialized, skipping
========================================================================
Worker process is ready to serve import requests
Launched and connected shader compiler UnityShaderCompiler.exe after 0.05 seconds
Refreshing native plugins compatible for Editor in 0.24 ms, found 0 plugins.
Preloading 0 native plugins for Editor in 0.00 ms.
Unloading 1221 Unused Serialized files (Serialized files now loaded: 0)
System memory in use before: 64.5 MB.
System memory in use after: 64.5 MB.

Unloading 10 unused Assets to reduce memory usage. Loaded Objects now: 1664.
Total: 1.761200 ms (FindLiveObjects: 0.156100 ms CreateObjectMapping: 0.033100 ms MarkObjects: 1.485100 ms  DeleteObjects: 0.085800 ms)

========================================================================
Received Import Request.
  path: Assets/PostProcessing/Editor
  artifactKey: Guid(e0e418747b892364db5c5f4451e67ede) Importer(815301076,1909f56bfc062723c751e8b465ee728b)
Start importing Assets/PostProcessing/Editor using Guid(e0e418747b892364db5c5f4451e67ede) Importer(815301076,1909f56bfc062723c751e8b465ee728b)  -> (artifact id: 'f47d2dfe8e9d5d64077828ae9e47b9e8') in 0.010034 seconds
  Import took 0.011971 seconds .

========================================================================
Received Import Request.
  Time since last request: 0.000301 seconds.
  path: Assets/PostProcessing/Editor/PostProcessingBehaviourEditor.cs
  artifactKey: Guid(0c12e797b02402246a52aa270c45059b) Importer(815301076,1909f56bfc062723c751e8b465ee728b)
Start importing Assets/PostProcessing/Editor/PostProcessingBehaviourEditor.cs using Guid(0c12e797b02402246a52aa270c45059b) Importer(815301076,1909f56bfc062723c751e8b465ee728b)  -> (artifact id: '5c8c7cd92173d6c3c36171e89c831411') in 0.027458 seconds
  Import took 0.029451 seconds .

========================================================================
Received Import Request.
  Time since last request: 0.412430 seconds.
  path: Assets/PostProcessing/Editor/PostProcessingFactory.cs
  artifactKey: Guid(0dfcadb180d67014cb0a6e18d6b11f90) Importer(815301076,1909f56bfc062723c751e8b465ee728b)
Start importing Assets/PostProcessing/Editor/PostProcessingFactory.cs using Guid(0dfcadb180d67014cb0a6e18d6b11f90) Importer(815301076,1909f56bfc062723c751e8b465ee728b)  -> (artifact id: '90c01221b8729f1aeb029bd1321c0342') in 0.006630 seconds
  Import took 0.008807 seconds .

========================================================================
Received Import Request.
  Time since last request: 0.495631 seconds.
  path: Assets/PostProcessing/Editor/PostProcessingInspector.cs
  artifactKey: Guid(27fa95984763d9d47bbad59e7fdb66fe) Importer(815301076,1909f56bfc062723c751e8b465ee728b)
Start importing Assets/PostProcessing/Editor/PostProcessingInspector.cs using Guid(27fa95984763d9d47bbad59e7fdb66fe) Importer(815301076,1909f56bfc062723c751e8b465ee728b)  -> (artifact id: 'cd5cca7640053ec3de8f1cb1981377b5') in 0.007330 seconds
  Import took 0.009335 seconds .

========================================================================
Received Import Request.
  Time since last request: 0.002658 seconds.
  path: Assets/PostProcessing/Editor/PostProcessingInspector.cs
  artifactKey: Guid(27fa95984763d9d47bbad59e7fdb66fe) Importer(815301076,1909f56bfc062723c751e8b465ee728b)
Start importing Assets/PostProcessing/Editor/PostProcessingInspector.cs using Guid(27fa95984763d9d47bbad59e7fdb66fe) Importer(815301076,1909f56bfc062723c751e8b465ee728b)  -> (artifact id: 'cd5cca7640053ec3de8f1cb1981377b5') in 0.001966 seconds
  Import took 0.004008 seconds .

========================================================================
Received Import Request.
  Time since last request: 0.449028 seconds.
  path: Assets/PostProcessing/Editor/PostProcessingModelEditor.cs
  artifactKey: Guid(afe296d4ede60a0479734dc8c7df82c2) Importer(815301076,1909f56bfc062723c751e8b465ee728b)
Start importing Assets/PostProcessing/Editor/PostProcessingModelEditor.cs using Guid(afe296d4ede60a0479734dc8c7df82c2) Importer(815301076,1909f56bfc062723c751e8b465ee728b)  -> (artifact id: '7e6595c372f4f447977bad76986262cb') in 0.006652 seconds
  Import took 0.008711 seconds .

========================================================================
Received Import Request.
  Time since last request: 0.462351 seconds.
  path: Assets/PostProcessing/Editor/PostProcessingMonitor.cs
  artifactKey: Guid(801186e9e649457469bcddd8ee391c71) Importer(815301076,1909f56bfc062723c751e8b465ee728b)
Start importing Assets/PostProcessing/Editor/PostProcessingMonitor.cs using Guid(801186e9e649457469bcddd8ee391c71) Importer(815301076,1909f56bfc062723c751e8b465ee728b)  -> (artifact id: 'fc0bb949e3bf986a07878f2042d25cdc') in 0.007117 seconds
  Import took 0.009250 seconds .

========================================================================
Received Import Request.
  Time since last request: 1.428739 seconds.
  path: Assets/PostProcessing/Editor/Utils
  artifactKey: Guid(b52c69ccefdae7545bfb4d0bf9b7df71) Importer(815301076,1909f56bfc062723c751e8b465ee728b)
Start importing Assets/PostProcessing/Editor/Utils using Guid(b52c69ccefdae7545bfb4d0bf9b7df71) Importer(815301076,1909f56bfc062723c751e8b465ee728b)  -> (artifact id: '530aa69c4aefa9049414ebcee2c5fa9c') in 0.007334 seconds
  Import took 0.009496 seconds .

========================================================================
Received Import Request.
  Time since last request: 0.598046 seconds.
  path: Assets/PostProcessing/Editor/PropertyDrawers
  artifactKey: Guid(ced92f1cc2085ae48acacc79a2b8e196) Importer(815301076,1909f56bfc062723c751e8b465ee728b)
Start importing Assets/PostProcessing/Editor/PropertyDrawers using Guid(ced92f1cc2085ae48acacc79a2b8e196) Importer(815301076,1909f56bfc062723c751e8b465ee728b)  -> (artifact id: 'd2e24b1e20bb578715b0c56c089a3d94') in 0.007227 seconds
  Import took 0.009199 seconds .

========================================================================
Received Import Request.
  Time since last request: 0.000419 seconds.
  path: Assets/PostProcessing/Editor/PropertyDrawers
  artifactKey: Guid(ced92f1cc2085ae48acacc79a2b8e196) Importer(815301076,1909f56bfc062723c751e8b465ee728b)
Start importing Assets/PostProcessing/Editor/PropertyDrawers using Guid(ced92f1cc2085ae48acacc79a2b8e196) Importer(815301076,1909f56bfc062723c751e8b465ee728b)  -> (artifact id: 'd2e24b1e20bb578715b0c56c089a3d94') in 0.001906 seconds
  Import took 0.003850 seconds .

========================================================================
Received Import Request.
  Time since last request: 1.583533 seconds.
  path: Assets/PostProcessing/Editor/Attributes
  artifactKey: Guid(cc5c690f549b4704eb992a9be781554d) Importer(815301076,1909f56bfc062723c751e8b465ee728b)
Start importing Assets/PostProcessing/Editor/Attributes using Guid(cc5c690f549b4704eb992a9be781554d) Importer(815301076,1909f56bfc062723c751e8b465ee728b)  -> (artifact id: '73e447989ed51022d1bcbf18bac75d22') in 0.006914 seconds
  Import took 0.009047 seconds .

========================================================================
Received Import Request.
  Time since last request: 0.000292 seconds.
  path: Assets/PostProcessing/Editor/Attributes
  artifactKey: Guid(cc5c690f549b4704eb992a9be781554d) Importer(815301076,1909f56bfc062723c751e8b465ee728b)
Start importing Assets/PostProcessing/Editor/Attributes using Guid(cc5c690f549b4704eb992a9be781554d) Importer(815301076,1909f56bfc062723c751e8b465ee728b)  -> (artifact id: '73e447989ed51022d1bcbf18bac75d22') in 0.001904 seconds
  Import took 0.003732 seconds .

========================================================================
Received Import Request.
  Time since last request: 0.805308 seconds.
  path: Assets/PostProcessing/Editor/Attributes/PostProcessingModelEditorAttribute.cs
  artifactKey: Guid(c21938aa988055347a2271f03a3e731e) Importer(815301076,1909f56bfc062723c751e8b465ee728b)
Start importing Assets/PostProcessing/Editor/Attributes/PostProcessingModelEditorAttribute.cs using Guid(c21938aa988055347a2271f03a3e731e) Importer(815301076,1909f56bfc062723c751e8b465ee728b)  -> (artifact id: '8dfa56918c2a095e700d090cef3da45d') in 0.008053 seconds
  Import took 0.010096 seconds .

========================================================================
Received Prepare
Registering precompiled user dll's ...
Registered in 0.000643 seconds.
Begin MonoManager ReloadAssembly
Native extension for WindowsStandalone target not found
Refreshing native plugins compatible for Editor in 0.22 ms, found 0 plugins.
Preloading 0 native plugins for Editor in 0.00 ms.
Mono: successfully reloaded assembly
- Completed reload, in  0.908 seconds
Platform modules already initialized, skipping
Switching build target platform(5) subTarget(0) extendedPlatform(0) -> platform(21) subTarget(0) extendedPlatform(0)
Refreshing native plugins compatible for Editor in 0.22 ms, found 0 plugins.
Preloading 0 native plugins for Editor in 0.00 ms.
Unloading 1119 Unused Serialized files (Serialized files now loaded: 0)
System memory in use before: 60.8 MB.
System memory in use after: 60.8 MB.

Unloading 50 unused Assets to reduce memory usage. Loaded Objects now: 1622.
Total: 1.726700 ms (FindLiveObjects: 0.151500 ms CreateObjectMapping: 0.047800 ms MarkObjects: 1.452300 ms  DeleteObjects: 0.074000 ms)

AssetImportWorkerClient::OnTransportError - code=2 error=End of file
